# JRE version: Java(TM) SE Runtime Environment 18.9 (11.0.22+9) (build 11.0.22+9-LTS-219)
# Java VM: Java HotSpot(TM) 64-Bit Server VM 18.9 (11.0.22+9-LTS-219, mixed mode, tiered, compressed oops, g1 gc, bsd-amd64)
Heap:
 garbage-first heap   total 262144K, used 88055K [0x00000007e0000000, 0x0000000800000000)
  region size 1024K, 58 young (59392K), 9 survivors (9216K)
 Metaspace       used 62368K, capacity 64623K, committed 64880K, reserved 442368K
  class space    used 8574K, capacity 9474K, committed 9600K, reserved 385024K
GC Heap History (10 events):
Event: 4.154 GC heap before
{Heap before GC invocations=6 (full 0):
 garbage-first heap   total 262144K, used 79880K [0x00000007e0000000, 0x0000000800000000)
  region size 1024K, 61 young (62464K), 2 survivors (2048K)
 Metaspace       used 25159K, capacity 25828K, committed 26160K, reserved 409600K
  class space    used 3195K, capacity 3432K, committed 3456K, reserved 385024K
}
Event: 4.163 GC heap after
{Heap after GC invocations=7 (full 0):
 garbage-first heap   total 262144K, used 20923K [0x00000007e0000000, 0x0000000800000000)
  region size 1024K, 3 young (3072K), 3 survivors (3072K)
 Metaspace       used 25159K, capacity 25828K, committed 26160K, reserved 409600K
  class space    used 3195K, capacity 3432K, committed 3456K, reserved 385024K
}
Event: 6.155 GC heap before
{Heap before GC invocations=7 (full 0):
 garbage-first heap   total 262144K, used 148923K [0x00000007e0000000, 0x0000000800000000)
  region size 1024K, 129 young (132096K), 3 survivors (3072K)
 Metaspace       used 34672K, capacity 35533K, committed 35632K, reserved 415744K
  class space    used 4620K, capacity 4978K, committed 4992K, reserved 385024K
}
Event: 6.170 GC heap after
{Heap after GC invocations=8 (full 0):
 garbage-first heap   total 262144K, used 24809K [0x00000007e0000000, 0x0000000800000000)
  region size 1024K, 7 young (7168K), 7 survivors (7168K)
 Metaspace       used 34672K, capacity 35533K, committed 35632K, reserved 415744K
  class space    used 4620K, capacity 4978K, committed 4992K, reserved 385024K
}
Event: 8.472 GC heap before
{Heap before GC invocations=9 (full 0):
 garbage-first heap   total 262144K, used 175337K [0x00000007e0000000, 0x0000000800000000)
  region size 1024K, 148 young (151552K), 7 survivors (7168K)
 Metaspace       used 47916K, capacity 49224K, committed 49352K, reserved 428032K
  class space    used 6234K, capacity 6760K, committed 6784K, reserved 385024K
}
Event: 8.500 GC heap after
{Heap after GC invocations=10 (full 0):
 garbage-first heap   total 262144K, used 31856K [0x00000007e0000000, 0x0000000800000000)
  region size 1024K, 14 young (14336K), 14 survivors (14336K)
 Metaspace       used 47916K, capacity 49224K, committed 49352K, reserved 428032K
  class space    used 6234K, capacity 6760K, committed 6784K, reserved 385024K
}
Event: 10.750 GC heap before
{Heap before GC invocations=10 (full 0):
 garbage-first heap   total 262144K, used 174192K [0x00000007e0000000, 0x0000000800000000)
  region size 1024K, 153 young (156672K), 14 survivors (14336K)
 Metaspace       used 56249K, capacity 58156K, committed 58440K, reserved 436224K
  class space    used 7542K, capacity 8336K, committed 8448K, reserved 385024K
}
Event: 10.779 GC heap after
{Heap after GC invocations=11 (full 0):
 garbage-first heap   total 262144K, used 36523K [0x00000007e0000000, 0x0000000800000000)
  region size 1024K, 12 young (12288K), 12 survivors (12288K)
 Metaspace       used 56249K, capacity 58156K, committed 58440K, reserved 436224K
  class space    used 7542K, capacity 8336K, committed 8448K, reserved 385024K
}
Event: 11.374 GC heap before
{Heap before GC invocations=11 (full 0):
 garbage-first heap   total 262144K, used 81579K [0x00000007e0000000, 0x0000000800000000)
  region size 1024K, 57 young (58368K), 12 survivors (12288K)
 Metaspace       used 57780K, capacity 59809K, committed 60068K, reserved 438272K
  class space    used 7760K, capacity 8563K, committed 8576K, reserved 385024K
}
Event: 11.402 GC heap after
{Heap after GC invocations=12 (full 0):
 garbage-first heap   total 262144K, used 39927K [0x00000007e0000000, 0x0000000800000000)
  region size 1024K, 9 young (9216K), 9 survivors (9216K)
 Metaspace       used 57780K, capacity 59809K, committed 60068K, reserved 438272K
  class space    used 7760K, capacity 8563K, committed 8576K, reserved 385024K
}

