# JRE version: Java(TM) SE Runtime Environment 18.9 (11.0.22+9) (build 11.0.22+9-LTS-219)
# Java VM: Java HotSpot(TM) 64-Bit Server VM 18.9 (11.0.22+9-LTS-219, mixed mode, tiered, compressed oops, g1 gc, bsd-amd64)
Heap:
 garbage-first heap   total 262144K, used 84629K [0x00000007e0000000, 0x0000000800000000)
  region size 1024K, 55 young (56320K), 10 survivors (10240K)
 Metaspace       used 62585K, capacity 64844K, committed 65152K, reserved 442368K
  class space    used 8584K, capacity 9502K, committed 9600K, reserved 385024K
GC Heap History (10 events):
Event: 4.967 GC heap before
{Heap before GC invocations=7 (full 0):
 garbage-first heap   total 262144K, used 105037K [0x00000007e0000000, 0x0000000800000000)
  region size 1024K, 85 young (87040K), 3 survivors (3072K)
 Metaspace       used 30665K, capacity 31475K, committed 31872K, reserved 413696K
  class space    used 4083K, capacity 4387K, committed 4480K, reserved 385024K
}
Event: 4.985 GC heap after
{Heap after GC invocations=8 (full 0):
 garbage-first heap   total 262144K, used 23224K [0x00000007e0000000, 0x0000000800000000)
  region size 1024K, 5 young (5120K), 5 survivors (5120K)
 Metaspace       used 30665K, capacity 31475K, committed 31872K, reserved 413696K
  class space    used 4083K, capacity 4387K, committed 4480K, reserved 385024K
}
Event: 5.725 GC heap before
{Heap before GC invocations=8 (full 0):
 garbage-first heap   total 262144K, used 70328K [0x00000007e0000000, 0x0000000800000000)
  region size 1024K, 53 young (54272K), 5 survivors (5120K)
 Metaspace       used 35036K, capacity 35853K, committed 35968K, reserved 417792K
  class space    used 4646K, capacity 4978K, committed 4992K, reserved 385024K
}
Event: 5.737 GC heap after
{Heap after GC invocations=9 (full 0):
 garbage-first heap   total 262144K, used 25113K [0x00000007e0000000, 0x0000000800000000)
  region size 1024K, 7 young (7168K), 7 survivors (7168K)
 Metaspace       used 35036K, capacity 35853K, committed 35968K, reserved 417792K
  class space    used 4646K, capacity 4978K, committed 4992K, reserved 385024K
}
Event: 7.817 GC heap before
{Heap before GC invocations=10 (full 0):
 garbage-first heap   total 262144K, used 157209K [0x00000007e0000000, 0x0000000800000000)
  region size 1024K, 130 young (133120K), 7 survivors (7168K)
 Metaspace       used 47072K, capacity 48326K, committed 48640K, reserved 428032K
  class space    used 6081K, capacity 6570K, committed 6656K, reserved 385024K
}
Event: 7.860 GC heap after
{Heap after GC invocations=11 (full 0):
 garbage-first heap   total 262144K, used 31619K [0x00000007e0000000, 0x0000000800000000)
  region size 1024K, 13 young (13312K), 13 survivors (13312K)
 Metaspace       used 47072K, capacity 48326K, committed 48640K, reserved 428032K
  class space    used 6081K, capacity 6570K, committed 6656K, reserved 385024K
}
Event: 10.112 GC heap before
{Heap before GC invocations=11 (full 0):
 garbage-first heap   total 262144K, used 174979K [0x00000007e0000000, 0x0000000800000000)
  region size 1024K, 153 young (156672K), 13 survivors (13312K)
 Metaspace       used 55289K, capacity 57075K, committed 57344K, reserved 434176K
  class space    used 7353K, capacity 8104K, committed 8192K, reserved 385024K
}
Event: 10.155 GC heap after
{Heap after GC invocations=12 (full 0):
 garbage-first heap   total 262144K, used 36626K [0x00000007e0000000, 0x0000000800000000)
  region size 1024K, 14 young (14336K), 14 survivors (14336K)
 Metaspace       used 55289K, capacity 57075K, committed 57344K, reserved 434176K
  class space    used 7353K, capacity 8104K, committed 8192K, reserved 385024K
}
Event: 11.104 GC heap before
{Heap before GC invocations=12 (full 0):
 garbage-first heap   total 262144K, used 104210K [0x00000007e0000000, 0x0000000800000000)
  region size 1024K, 81 young (82944K), 14 survivors (14336K)
 Metaspace       used 58462K, capacity 60521K, committed 60588K, reserved 438272K
  class space    used 7851K, capacity 8690K, committed 8704K, reserved 385024K
}
Event: 11.138 GC heap after
{Heap after GC invocations=13 (full 0):
 garbage-first heap   total 262144K, used 40597K [0x00000007e0000000, 0x0000000800000000)
  region size 1024K, 10 young (10240K), 10 survivors (10240K)
 Metaspace       used 58462K, capacity 60521K, committed 60588K, reserved 438272K
  class space    used 7851K, capacity 8690K, committed 8704K, reserved 385024K
}

