# JRE version: Java(TM) SE Runtime Environment (21.0.3+7) (build 21.0.3+7-LTS-152)
# Java VM: Java HotSpot(TM) 64-Bit Server VM (21.0.3+7-LTS-152, mixed mode, sharing, tiered, compressed oops, compressed class ptrs, g1 gc, bsd-amd64)
Heap:
 garbage-first heap   total 262144K, used 210165K [0x00000007e0000000, 0x0000000800000000)
  region size 1024K, 115 young (117760K), 11 survivors (11264K)
 Metaspace       used 69289K, committed 71488K, reserved 393216K
  class space    used 9924K, committed 11008K, reserved 327680K
GC Heap History (20 events):
Event: 2.485 GC heap before
{Heap before GC invocations=2 (full 0):
 garbage-first heap   total 264192K, used 38502K [0x00000007e0000000, 0x0000000800000000)
  region size 1024K, 27 young (27648K), 3 survivors (3072K)
 Metaspace       used 4559K, committed 4800K, reserved 393216K
  class space    used 589K, committed 704K, reserved 327680K
}
Event: 2.491 GC heap after
{Heap after GC invocations=3 (full 0):
 garbage-first heap   total 264192K, used 17174K [0x00000007e0000000, 0x0000000800000000)
  region size 1024K, 4 young (4096K), 4 survivors (4096K)
 Metaspace       used 4559K, committed 4800K, reserved 393216K
  class space    used 589K, committed 704K, reserved 327680K
}
Event: 6.106 GC heap before
{Heap before GC invocations=3 (full 0):
 garbage-first heap   total 264192K, used 108310K [0x00000007e0000000, 0x0000000800000000)
  region size 1024K, 94 young (96256K), 4 survivors (4096K)
 Metaspace       used 20806K, committed 21504K, reserved 393216K
  class space    used 3045K, committed 3328K, reserved 327680K
}
Event: 6.163 GC heap after
{Heap after GC invocations=4 (full 0):
 garbage-first heap   total 264192K, used 24342K [0x00000007e0000000, 0x0000000800000000)
  region size 1024K, 11 young (11264K), 11 survivors (11264K)
 Metaspace       used 20806K, committed 21504K, reserved 393216K
  class space    used 3045K, committed 3328K, reserved 327680K
}
Event: 9.361 GC heap before
{Heap before GC invocations=5 (full 0):
 garbage-first heap   total 262144K, used 125718K [0x00000007e0000000, 0x0000000800000000)
  region size 1024K, 103 young (105472K), 11 survivors (11264K)
 Metaspace       used 34191K, committed 35520K, reserved 393216K
  class space    used 5065K, committed 5696K, reserved 327680K
}
Event: 9.404 GC heap after
{Heap after GC invocations=6 (full 0):
 garbage-first heap   total 262144K, used 38878K [0x00000007e0000000, 0x0000000800000000)
  region size 1024K, 13 young (13312K), 13 survivors (13312K)
 Metaspace       used 34191K, committed 35520K, reserved 393216K
  class space    used 5065K, committed 5696K, reserved 327680K
}
Event: 9.543 GC heap before
{Heap before GC invocations=6 (full 0):
 garbage-first heap   total 262144K, used 42974K [0x00000007e0000000, 0x0000000800000000)
  region size 1024K, 18 young (18432K), 13 survivors (13312K)
 Metaspace       used 34926K, committed 36160K, reserved 393216K
  class space    used 5141K, committed 5760K, reserved 327680K
}
Event: 9.597 GC heap after
{Heap after GC invocations=7 (full 0):
 garbage-first heap   total 262144K, used 40168K [0x00000007e0000000, 0x0000000800000000)
  region size 1024K, 8 young (8192K), 8 survivors (8192K)
 Metaspace       used 34926K, committed 36160K, reserved 393216K
  class space    used 5141K, committed 5760K, reserved 327680K
}
Event: 9.647 GC heap before
{Heap before GC invocations=7 (full 0):
 garbage-first heap   total 262144K, used 41192K [0x00000007e0000000, 0x0000000800000000)
  region size 1024K, 10 young (10240K), 8 survivors (8192K)
 Metaspace       used 35221K, committed 36480K, reserved 393216K
  class space    used 5178K, committed 5760K, reserved 327680K
}
Event: 9.658 GC heap after
{Heap after GC invocations=8 (full 0):
 garbage-first heap   total 262144K, used 40589K [0x00000007e0000000, 0x0000000800000000)
  region size 1024K, 9 young (9216K), 9 survivors (9216K)
 Metaspace       used 35221K, committed 36480K, reserved 393216K
  class space    used 5178K, committed 5760K, reserved 327680K
}
Event: 18.619 GC heap before
{Heap before GC invocations=9 (full 0):
 garbage-first heap   total 262144K, used 207501K [0x00000007e0000000, 0x0000000800000000)
  region size 1024K, 153 young (156672K), 9 survivors (9216K)
 Metaspace       used 48591K, committed 50304K, reserved 393216K
  class space    used 7032K, committed 7872K, reserved 327680K
}
Event: 19.004 GC heap after
{Heap after GC invocations=10 (full 0):
 garbage-first heap   total 262144K, used 66784K [0x00000007e0000000, 0x0000000800000000)
  region size 1024K, 20 young (20480K), 20 survivors (20480K)
 Metaspace       used 48591K, committed 50304K, reserved 393216K
  class space    used 7032K, committed 7872K, reserved 327680K
}
Event: 19.583 GC heap before
{Heap before GC invocations=10 (full 0):
 garbage-first heap   total 262144K, used 74976K [0x00000007e0000000, 0x0000000800000000)
  region size 1024K, 28 young (28672K), 20 survivors (20480K)
 Metaspace       used 49266K, committed 51008K, reserved 393216K
  class space    used 7146K, committed 8000K, reserved 327680K
}
Event: 19.725 GC heap after
{Heap after GC invocations=11 (full 0):
 garbage-first heap   total 262144K, used 68310K [0x00000007e0000000, 0x0000000800000000)
  region size 1024K, 2 young (2048K), 2 survivors (2048K)
 Metaspace       used 49266K, committed 51008K, reserved 393216K
  class space    used 7146K, committed 8000K, reserved 327680K
}
Event: 27.127 GC heap before
{Heap before GC invocations=11 (full 0):
 garbage-first heap   total 262144K, used 189142K [0x00000007e0000000, 0x0000000800000000)
  region size 1024K, 107 young (109568K), 2 survivors (2048K)
 Metaspace       used 57433K, committed 59392K, reserved 393216K
  class space    used 8432K, committed 9408K, reserved 327680K
}
Event: 27.220 GC heap after
{Heap after GC invocations=12 (full 0):
 garbage-first heap   total 262144K, used 92405K [0x00000007e0000000, 0x0000000800000000)
  region size 1024K, 12 young (12288K), 12 survivors (12288K)
 Metaspace       used 57433K, committed 59392K, reserved 393216K
  class space    used 8432K, committed 9408K, reserved 327680K
}
Event: 28.635 GC heap before
{Heap before GC invocations=12 (full 0):
 garbage-first heap   total 262144K, used 118005K [0x00000007e0000000, 0x0000000800000000)
  region size 1024K, 38 young (38912K), 12 survivors (12288K)
 Metaspace       used 59420K, committed 61376K, reserved 393216K
  class space    used 8760K, committed 9728K, reserved 327680K
}
Event: 28.685 GC heap after
{Heap after GC invocations=13 (full 0):
 garbage-first heap   total 262144K, used 94101K [0x00000007e0000000, 0x0000000800000000)
  region size 1024K, 2 young (2048K), 2 survivors (2048K)
 Metaspace       used 59420K, committed 61376K, reserved 393216K
  class space    used 8760K, committed 9728K, reserved 327680K
}
Event: 35.520 GC heap before
{Heap before GC invocations=14 (full 0):
 garbage-first heap   total 262144K, used 231317K [0x00000007e0000000, 0x0000000800000000)
  region size 1024K, 136 young (139264K), 2 survivors (2048K)
 Metaspace       used 63523K, committed 65600K, reserved 393216K
  class space    used 9163K, committed 10176K, reserved 327680K
}
Event: 35.606 GC heap after
{Heap after GC invocations=15 (full 0):
 garbage-first heap   total 262144K, used 100597K [0x00000007e0000000, 0x0000000800000000)
  region size 1024K, 9 young (9216K), 9 survivors (9216K)
 Metaspace       used 63523K, committed 65600K, reserved 393216K
  class space    used 9163K, committed 10176K, reserved 327680K
}

