# JRE version: Java(TM) SE Runtime Environment 18.9 (11.0.22+9) (build 11.0.22+9-LTS-219)
# Java VM: Java HotSpot(TM) 64-Bit Server VM 18.9 (11.0.22+9-LTS-219, mixed mode, tiered, compressed oops, g1 gc, bsd-amd64)
Heap:
 garbage-first heap   total 262144K, used 86388K [0x00000007e0000000, 0x0000000800000000)
  region size 1024K, 56 young (57344K), 10 survivors (10240K)
 Metaspace       used 62624K, capacity 64970K, committed 65408K, reserved 442368K
  class space    used 8577K, capacity 9499K, committed 9600K, reserved 385024K
GC Heap History (10 events):
Event: 3.953 GC heap before
{Heap before GC invocations=6 (full 0):
 garbage-first heap   total 262144K, used 81114K [0x00000007e0000000, 0x0000000800000000)
  region size 1024K, 62 young (63488K), 2 survivors (2048K)
 Metaspace       used 25174K, capacity 25764K, committed 25984K, reserved 407552K
  class space    used 3202K, capacity 3432K, committed 3456K, reserved 385024K
}
Event: 3.963 GC heap after
{Heap after GC invocations=7 (full 0):
 garbage-first heap   total 262144K, used 21195K [0x00000007e0000000, 0x0000000800000000)
  region size 1024K, 3 young (3072K), 3 survivors (3072K)
 Metaspace       used 25174K, capacity 25764K, committed 25984K, reserved 407552K
  class space    used 3202K, capacity 3432K, committed 3456K, reserved 385024K
}
Event: 5.979 GC heap before
{Heap before GC invocations=7 (full 0):
 garbage-first heap   total 262144K, used 150219K [0x00000007e0000000, 0x0000000800000000)
  region size 1024K, 130 young (133120K), 3 survivors (3072K)
 Metaspace       used 35022K, capacity 35853K, committed 35968K, reserved 417792K
  class space    used 4642K, capacity 4978K, committed 4992K, reserved 385024K
}
Event: 5.995 GC heap after
{Heap after GC invocations=8 (full 0):
 garbage-first heap   total 262144K, used 24913K [0x00000007e0000000, 0x0000000800000000)
  region size 1024K, 7 young (7168K), 7 survivors (7168K)
 Metaspace       used 35022K, capacity 35853K, committed 35968K, reserved 417792K
  class space    used 4642K, capacity 4978K, committed 4992K, reserved 385024K
}
Event: 8.339 GC heap before
{Heap before GC invocations=9 (full 0):
 garbage-first heap   total 262144K, used 177489K [0x00000007e0000000, 0x0000000800000000)
  region size 1024K, 150 young (153600K), 7 survivors (7168K)
 Metaspace       used 48189K, capacity 49584K, committed 49920K, reserved 428032K
  class space    used 6281K, capacity 6838K, committed 6912K, reserved 385024K
}
Event: 8.376 GC heap after
{Heap after GC invocations=10 (full 0):
 garbage-first heap   total 262144K, used 32066K [0x00000007e0000000, 0x0000000800000000)
  region size 1024K, 14 young (14336K), 14 survivors (14336K)
 Metaspace       used 48189K, capacity 49584K, committed 49920K, reserved 428032K
  class space    used 6281K, capacity 6838K, committed 6912K, reserved 385024K
}
Event: 10.927 GC heap before
{Heap before GC invocations=10 (full 0):
 garbage-first heap   total 262144K, used 174402K [0x00000007e0000000, 0x0000000800000000)
  region size 1024K, 153 young (156672K), 14 survivors (14336K)
 Metaspace       used 56695K, capacity 58576K, committed 58880K, reserved 436224K
  class space    used 7574K, capacity 8340K, committed 8448K, reserved 385024K
}
Event: 10.969 GC heap after
{Heap after GC invocations=11 (full 0):
 garbage-first heap   total 262144K, used 36794K [0x00000007e0000000, 0x0000000800000000)
  region size 1024K, 12 young (12288K), 12 survivors (12288K)
 Metaspace       used 56695K, capacity 58576K, committed 58880K, reserved 436224K
  class space    used 7574K, capacity 8340K, committed 8448K, reserved 385024K
}
Event: 11.561 GC heap before
{Heap before GC invocations=11 (full 0):
 garbage-first heap   total 262144K, used 82874K [0x00000007e0000000, 0x0000000800000000)
  region size 1024K, 58 young (59392K), 12 survivors (12288K)
 Metaspace       used 58493K, capacity 60520K, committed 60588K, reserved 438272K
  class space    used 7844K, capacity 8687K, committed 8704K, reserved 385024K
}
Event: 11.589 GC heap after
{Heap after GC invocations=12 (full 0):
 garbage-first heap   total 262144K, used 41332K [0x00000007e0000000, 0x0000000800000000)
  region size 1024K, 10 young (10240K), 10 survivors (10240K)
 Metaspace       used 58493K, capacity 60520K, committed 60588K, reserved 438272K
  class space    used 7844K, capacity 8687K, committed 8704K, reserved 385024K
}

